<?xml version="1.0" encoding="UTF-8"?>
<!-- Generated by org.testng.reporters.JUnitReportReporter -->
<testsuite hostname="at02anro1" name="org.funjala.automation.web.mach2.Runner" tests="1" failures="0" timestamp="30 Jan 2017 22:54:48 GMT" time="170.005" errors="0">
  <testcase name="feature" time="170.005" classname="org.funjala.automation.web.mach2.Runner"/>
</testsuite> <!-- org.funjala.automation.web.mach2.Runner -->
